c:\users\biblo-cc\source\repos\proyecto 1 progra\proyecto 1 progra\x64\debug\vc143.pdb
c:\users\biblo-cc\source\repos\proyecto 1 progra\proyecto 1 progra\x64\debug\vc143.idb
c:\users\biblo-cc\source\repos\proyecto 1 progra\proyecto 1 progra\x64\debug\schedule.obj
c:\users\biblo-cc\source\repos\proyecto 1 progra\proyecto 1 progra\x64\debug\sale.obj
c:\users\biblo-cc\source\repos\proyecto 1 progra\proyecto 1 progra\x64\debug\room.obj
c:\users\biblo-cc\source\repos\proyecto 1 progra\proyecto 1 progra\x64\debug\movie.obj
c:\users\biblo-cc\source\repos\proyecto 1 progra\proyecto 1 progra\x64\debug\main.obj
c:\users\biblo-cc\source\repos\proyecto 1 progra\proyecto 1 progra\x64\debug\menu.obj
c:\users\biblo-cc\source\repos\proyecto 1 progra\proyecto 1 progra\x64\debug\maintenance.obj
c:\users\biblo-cc\source\repos\proyecto 1 progra\proyecto 1 progra\x64\debug\archive.obj
c:\users\biblo-cc\source\repos\proyecto 1 progra\proyecto 1 progra\x64\debug\reservation.obj
c:\users\biblo-cc\source\repos\proyecto 1 progra\x64\debug\cine.pdb
c:\users\biblo-cc\source\repos\proyecto 1 progra\proyecto 1 progra\x64\debug\cine.tlog\cl.command.1.tlog
c:\users\biblo-cc\source\repos\proyecto 1 progra\proyecto 1 progra\x64\debug\cine.tlog\cl.read.1.tlog
c:\users\biblo-cc\source\repos\proyecto 1 progra\proyecto 1 progra\x64\debug\cine.tlog\cl.write.1.tlog
c:\users\biblo-cc\source\repos\proyecto 1 progra\proyecto 1 progra\x64\debug\cine.tlog\link-cvtres.read.1.tlog
c:\users\biblo-cc\source\repos\proyecto 1 progra\proyecto 1 progra\x64\debug\cine.tlog\link-cvtres.write.1.tlog
c:\users\biblo-cc\source\repos\proyecto 1 progra\proyecto 1 progra\x64\debug\cine.tlog\link-rc.read.1.tlog
c:\users\biblo-cc\source\repos\proyecto 1 progra\proyecto 1 progra\x64\debug\cine.tlog\link-rc.write.1.tlog
c:\users\biblo-cc\source\repos\proyecto 1 progra\proyecto 1 progra\x64\debug\cine.tlog\link.command.1.tlog
c:\users\biblo-cc\source\repos\proyecto 1 progra\proyecto 1 progra\x64\debug\cine.tlog\link.read.1.tlog
c:\users\biblo-cc\source\repos\proyecto 1 progra\proyecto 1 progra\x64\debug\cine.tlog\link.read.2.tlog
c:\users\biblo-cc\source\repos\proyecto 1 progra\proyecto 1 progra\x64\debug\cine.tlog\link.write.1.tlog
